C51 COMPILER V9.01   TIMER                                                                 12/07/2015 19:03:23 PAGE 1   


C51 COMPILER V9.01, COMPILATION OF MODULE TIMER
OBJECT MODULE PLACED IN timer.OBJ
COMPILER INVOKED BY: C:\Keil\C51\BIN\C51.EXE timer.c BROWSE DEBUG OBJECTEXTEND

line level    source

   1          #include "timer.h"
   2          #define uint unsigned int
   3          #define uchar unsigned char
   4          void delay(uint z)   //ÑÓÊ±º¯Êý
   5          {
   6   1              uint x,y;
   7   1              for(x=z;x>0;x--)
   8   1                      for(y=110;y>0;y--);
   9   1      }
  10          void key_delay(void) 
  11          {
  12   1         unsigned int i;   
  13   1              for(i=0;i<200;i++);
  14   1      }


MODULE INFORMATION:   STATIC OVERLAYABLE
   CODE SIZE        =     45    ----
   CONSTANT SIZE    =   ----    ----
   XDATA SIZE       =   ----    ----
   PDATA SIZE       =   ----    ----
   DATA SIZE        =   ----    ----
   IDATA SIZE       =   ----    ----
   BIT SIZE         =   ----    ----
END OF MODULE INFORMATION.


C51 COMPILATION COMPLETE.  0 WARNING(S),  0 ERROR(S)
