C51 COMPILER V9.01   LED                                                                   04/02/2016 22:42:44 PAGE 1   


C51 COMPILER V9.01, COMPILATION OF MODULE LED
OBJECT MODULE PLACED IN LED.OBJ
COMPILER INVOKED BY: C:\Keil\C51\BIN\C51.EXE LED.c BROWSE DEBUG OBJECTEXTEND

line level    source

   1          #include<reg52.h>
   2          #define uint unsigned int
   3          
   4          void select_led(uint i)
   5          {
   6   1       switch(i)
   7   1       {
   8   2              case 0: led0 = 0;break;
   9   2              case 1: led1 = 0;break;
  10   2              case 2: led2 = 0;break;
  11   2              case 3: led3 = 0;break;
  12   2              case 4: led4 = 0;break;
  13   2              case 5: led5 = 0;break;
  14   2              case 6: led6 = 0;break;
  15   2              case 7: led7 = 0;break;
  16   2              case 8: led8 = 0;break;
  17   2       }
  18   1      
  19   1      }
  20          void open_led(uint i)
  21          {
  22   1       switch(i)
  23   1       {
  24   2              case 0: led0 = 1;break;
  25   2              case 1: led1 = 1;break;
  26   2              case 2: led2 = 1;break;
  27   2              case 3: led3 = 1;break;
  28   2              case 4: led4 = 1;break;
  29   2              case 5: led5 = 1;break;
  30   2              case 6: led6 = 1;break;
  31   2              case 7: led7 = 1;break;
  32   2              case 8: led8 = 1;break;
  33   2       }
  34   1      
  35   1      }


MODULE INFORMATION:   STATIC OVERLAYABLE
   CODE SIZE        =    140    ----
   CONSTANT SIZE    =   ----    ----
   XDATA SIZE       =   ----    ----
   PDATA SIZE       =   ----    ----
   DATA SIZE        =   ----    ----
   IDATA SIZE       =   ----    ----
   BIT SIZE         =   ----    ----
END OF MODULE INFORMATION.


C51 COMPILATION COMPLETE.  0 WARNING(S),  0 ERROR(S)
