C51 COMPILER V9.01   MAIN                                                                  04/02/2016 22:42:43 PAGE 1   


C51 COMPILER V9.01, COMPILATION OF MODULE MAIN
OBJECT MODULE PLACED IN Main.OBJ
COMPILER INVOKED BY: C:\Keil\C51\BIN\C51.EXE Main.c BROWSE DEBUG OBJECTEXTEND

line level    source

   1          #include<reg52.h>
   2          #include"1602.h"
   3          #include"keyboard.h"
   4          #include"save.h"
   5          #include"take.h"
   6          #include"admin.h"
   7          #define uchar unsigned char 
   8          #define uint unsigned char
   9          int admin = 8888;
  10          uchar number[] ="0123456789";
  11          uint NO1,NO2;
  12          unsigned int boxes[BNUM]={0,0};
  13          int lock;
  14          int main()
  15          {
  16   1              int num;
  17   1              int count = 0;
  18   1      
  19   1              TMOD=0x01;
  20   1              TH0=(65536-50000)/256;
  21   1              TL0=(65536-50000)%256;
  22   1              EA=1;
  23   1              ET0=1;    //开中断
  24   1              TR0=1;
  25   1                      
  26   1              init();
  27   1              P0=0xff;
  28   1      st:     lock=0;
  29   1              while(1)
  30   1              {       
  31   2                      write_com(0x01);
  32   2                      write_lcd(0x40,"save        take");
  33   2                      num = key();
  34   2                      if(num == 100)  //存放模式
  35   2                      {
  36   3                              NO1 = TH0;
  37   3                              NO2 = TL0;
  38   3                              save2();
  39   3                      }
  40   2                      if(num == 11) //取出模式
  41   2                      {
  42   3                              take2();
  43   3                      }
  44   2                      if(num ==13) //管理员制定打开柜子
  45   2                      {
  46   3                              write_com(0x01);
  47   3                              write_lcd(0x00,"admin:          ");
  48   3      
  49   3                              if(admin_key() == 1)
  50   3                              {
  51   4                                      write_com(0x01);
  52   4                                      admin_control();
  53   4                              }
  54   3                      }
  55   2                      if(num == 14)//重置管理员密码
C51 COMPILER V9.01   MAIN                                                                  04/02/2016 22:42:43 PAGE 2   

  56   2                      {
  57   3                         write_com(0x01);
  58   3                         write_lcd(0x00,"admin:          ");
  59   3                         if(admin_key() == 1)
  60   3                              {
  61   4                                      write_com(0x01);
  62   4                                      admin_resetkey();
  63   4                              }
  64   3                        
  65   3                      }
  66   2               if(lock>4)
  67   2               {       
  68   3               lk:write_com(0x01);
  69   3                      write_lcd(0x00,"    lock on!    ");
  70   3                      while(1)
  71   3                      {
  72   4                              if(key() == 13)
  73   4                              {
  74   5                                      write_lcd(0x00,"admin:          ");
  75   5                                      if(admin_key() == 1)
  76   5                                      {
  77   6                                              lock = 0;
  78   6                                               goto st;
  79   6                                      }
  80   5                                      goto lk;
  81   5                              }
  82   4                      }
  83   3               }
  84   2              }
  85   1              return 0;
  86   1      
  87   1      }
  88          void timer0() interrupt 1   //中断函数
  89          {
  90   1              TH0=(65536-50000)/256;
  91   1              TL0=(65536-50000)%256;
  92   1      }


MODULE INFORMATION:   STATIC OVERLAYABLE
   CODE SIZE        =    244    ----
   CONSTANT SIZE    =     51    ----
   XDATA SIZE       =   ----    ----
   PDATA SIZE       =   ----    ----
   DATA SIZE        =     35       4
   IDATA SIZE       =   ----    ----
   BIT SIZE         =   ----    ----
END OF MODULE INFORMATION.


C51 COMPILATION COMPLETE.  0 WARNING(S),  0 ERROR(S)
