C51 COMPILER V9.01   SR04                                                                  04/02/2016 22:42:45 PAGE 1   


C51 COMPILER V9.01, COMPILATION OF MODULE SR04
OBJECT MODULE PLACED IN SR04.OBJ
COMPILER INVOKED BY: C:\Keil\C51\BIN\C51.EXE SR04.c BROWSE DEBUG OBJECTEXTEND

line level    source

   1          #include"reg52.h"
   2          #include"timer.h"
   3          #include<intrins.h>
   4          bit cuowu;
   5          sbit trig=P3^2;
   6          sbit echo=P3^3;
   7          unsigned int s;
   8          unsigned long sj;
   9          void init_sr04()
  10          {
  11   1              trig=0;
  12   1              EA=1;
  13   1              ET1=1;
  14   1              ET0=1;
  15   1              TMOD=0x10;
  16   1              TH1=0;
  17   1              TL1=0;
  18   1              s=0;
  19   1              TR1=0;
  20   1              delay(1000);
  21   1              
  22   1      }
  23          unsigned int location()
  24          {
  25   1              init_sr04();
  26   1              trig=1;
  27   1              _nop_();
  28   1              _nop_();
  29   1              _nop_();
  30   1              _nop_();
  31   1              _nop_();
  32   1              _nop_();
  33   1              _nop_();
  34   1              _nop_();
  35   1              _nop_();
  36   1              _nop_();
  37   1              _nop_();
  38   1              trig=0;
  39   1              while(!echo);
  40   1              TR1=1;
  41   1              while(echo);
  42   1              TR1=0;
  43   1              
  44   1              sj=TH1*256+TL1;
  45   1              s=sj*340/2/1000;
  46   1              return s;       
  47   1      }
  48          
  49          int sr04()
  50          {
  51   1              int k; 
  52   1              k=location();
  53   1              if(k<60)
  54   1              {
  55   2                      return 1;
C51 COMPILER V9.01   SR04                                                                  04/02/2016 22:42:45 PAGE 2   

  56   2              }
  57   1              else
  58   1              {
  59   2                      return 0;
  60   2              }
  61   1      }
  62          
  63          void time1() interrupt 3
  64          {  
  65   1      
  66   1      }


MODULE INFORMATION:   STATIC OVERLAYABLE
   CODE SIZE        =    144    ----
   CONSTANT SIZE    =   ----    ----
   XDATA SIZE       =   ----    ----
   PDATA SIZE       =   ----    ----
   DATA SIZE        =      6    ----
   IDATA SIZE       =   ----    ----
   BIT SIZE         =      1    ----
END OF MODULE INFORMATION.


C51 COMPILATION COMPLETE.  0 WARNING(S),  0 ERROR(S)
