C51 COMPILER V9.01   TAKE                                                                  04/02/2016 22:42:44 PAGE 1   


C51 COMPILER V9.01, COMPILATION OF MODULE TAKE
OBJECT MODULE PLACED IN take.OBJ
COMPILER INVOKED BY: C:\Keil\C51\BIN\C51.EXE take.c BROWSE DEBUG OBJECTEXTEND

line level    source

   1          #include"keyboard.h"
   2          #include"1602.h"
   3          #include"LED.h"
   4          #include"timer.h"
   5          extern unsigned int boxes[12];
   6          extern unsigned char number[10];
   7          extern lock;
   8          void take2()
   9          {
  10   1              int err=0;
  11   1              int iter = 0;
  12   1              int temp[4] = {0};
  13   1              int num[4]={0};
  14   1              int i;
  15   1              write_com(0x01);
  16   1              write_lcd(0x00,"please input key");
  17   1      
  18   1              num[0] = key();
  19   1              i = num[0];
  20   1              disp_lcd(0x40,number[i]);
  21   1      
  22   1              num[1] = key();
  23   1              i = num[1];
  24   1              disp_lcd(0x41,number[i]);
  25   1      
  26   1              num[2] = key();
  27   1              i = num[2];
  28   1              disp_lcd(0x42,number[i]);
  29   1      
  30   1              num[3] = key();
  31   1              i = num[3];
  32   1              disp_lcd(0x43,number[i]); 
  33   1      
  34   1              for(iter = 0 ; iter<12 ; iter++)
  35   1              {
  36   2                      temp[0] = boxes[iter]/1000;
  37   2                      temp[1] = (boxes[iter]%1000)/100;
  38   2                      temp[2] = (boxes[iter]%100)/10;
  39   2                      temp[3] = boxes[iter]%10;
  40   2      
  41   2                      if(temp[0] == num[0] && temp[1] == num[1] && temp[2] == num[2] && temp[3] == num[3] )
  42   2                      {
  43   3                              open_led(iter);
  44   3                              boxes[iter]=0;
  45   3                              lock = 0;
  46   3                              goto end;
  47   3                      } 
  48   2              } 
  49   1              lock++;
  50   1      end: ;
  51   1      }


MODULE INFORMATION:   STATIC OVERLAYABLE
   CODE SIZE        =    351    ----
C51 COMPILER V9.01   TAKE                                                                  04/02/2016 22:42:44 PAGE 2   

   CONSTANT SIZE    =     33    ----
   XDATA SIZE       =   ----    ----
   PDATA SIZE       =   ----    ----
   DATA SIZE        =   ----      20
   IDATA SIZE       =   ----    ----
   BIT SIZE         =   ----    ----
END OF MODULE INFORMATION.


C51 COMPILATION COMPLETE.  0 WARNING(S),  0 ERROR(S)
