C51 COMPILER V9.01   KEYBOARD                                                              12/07/2015 19:03:23 PAGE 1   


C51 COMPILER V9.01, COMPILATION OF MODULE KEYBOARD
OBJECT MODULE PLACED IN keyboard.OBJ
COMPILER INVOKED BY: C:\Keil\C51\BIN\C51.EXE keyboard.c BROWSE DEBUG OBJECTEXTEND

line level    source

   1          #include  "reg51.h"
   2          #include "keyboard.h"
   3          #include "timer.h"
   4          
   5          unsigned char checkkey(void)
   6          {       
   7   1              unsigned char n;
   8   1        P1=0xf0;
   9   1              n=P1;
  10   1              if(n!=0xf0)
  11   1              return 1;
  12   1              else
  13   1              return 0;
  14   1      }
  15          int key()
  16          {
  17   1              int NO=0;
  18   1              int sign=1;
  19   1              unsigned char i,j;
  20   1         while(sign)
  21   1              {   
  22   2                      if(checkkey()==1)
  23   2                {     
  24   3                              key_delay();
  25   3                        if(checkkey()==1)
  26   3                              P1=0xf0;
  27   3                              i=P1;
  28   3                              P1=0x0f;
  29   3                              j=P1;
  30   3                              i=i|j;
  31   3                              switch(i)
  32   3                              {   
  33   4                                      case 0x7e:NO=0,sign=0;break;
  34   4                                      case 0xbe:NO=1,sign=0;break;
  35   4                                      case 0xde:NO=2,sign=0;break;
  36   4                                      case 0xee:NO=3,sign=0;break;
  37   4                                      case 0x7d:NO=4,sign=0;break;
  38   4                                      case 0xbd:NO=5,sign=0;break;
  39   4                                      case 0xdd:NO=6,sign=0;break;
  40   4                                      case 0xed:NO=7,sign=0;break;
  41   4                                      case 0x7b:NO=8,sign=0;break;
  42   4                                      case 0xbb:NO=9,sign=0;break;
  43   4                                      case 0xdb:NO=10,sign=0;break;
  44   4                                      case 0xeb:NO=11,sign=0;break;
  45   4                                      case 0x77:NO=12,sign=0;break;
  46   4                                      case 0xb7:NO=13,sign=0;break;
  47   4                                      case 0xd7:NO=14,sign=0;break;
  48   4                                      case 0xe7:NO=15,sign=0;break;
  49   4              }
  50   3                               while(checkkey()==1)
  51   3                               {
  52   4                                              checkkey();
  53   4                                      }
  54   3              }
  55   2              
C51 COMPILER V9.01   KEYBOARD                                                              12/07/2015 19:03:23 PAGE 2   

  56   2                      }
  57   1                      return NO;
  58   1      }


MODULE INFORMATION:   STATIC OVERLAYABLE
   CODE SIZE        =    285    ----
   CONSTANT SIZE    =   ----    ----
   XDATA SIZE       =   ----    ----
   PDATA SIZE       =   ----    ----
   DATA SIZE        =   ----       4
   IDATA SIZE       =   ----    ----
   BIT SIZE         =   ----    ----
END OF MODULE INFORMATION.


C51 COMPILATION COMPLETE.  0 WARNING(S),  0 ERROR(S)
