C51 COMPILER V9.01   LED                                                                   12/07/2015 19:03:24 PAGE 1   


C51 COMPILER V9.01, COMPILATION OF MODULE LED
OBJECT MODULE PLACED IN LED.OBJ
COMPILER INVOKED BY: C:\Keil\C51\BIN\C51.EXE LED.c BROWSE DEBUG OBJECTEXTEND

line level    source

   1          #include<reg51.h>
   2          #include"LED.h"
   3          #define uint unsigned int
   4          sbit led0 = P2^0;
   5          sbit led1 = P2^1;
   6          sbit led2 = P2^2;
   7          sbit led3 = P2^3;
   8          sbit led4 = P2^4;
   9          sbit led5 = P2^5;
  10          sbit led6 = P2^6;
  11          sbit led7 = P2^7;
  12          sbit led8 = P3^0;
  13          sbit led9 = P3^1;
  14          sbit led10 = P3^2;
  15          sbit led11 = P3^3;
  16          
  17          void select_led(uint i)
  18          {
  19   1       switch(i)
  20   1       {
  21   2              case 0: led0 = 0;break;
  22   2              case 1: led1 = 0;break;
  23   2              case 2: led2 = 0;break;
  24   2              case 3: led3 = 0;break;
  25   2              case 4: led4 = 0;break;
  26   2              case 5: led5 = 0;break;
  27   2              case 6: led6 = 0;break;
  28   2              case 7: led7 = 0;break;
  29   2              case 8: led8 = 0;break;
  30   2              case 9: led9 = 0;break;
  31   2              case 10: led10 = 0;break;
  32   2              case 11: led11 = 0;break;
  33   2       }
  34   1      
  35   1      }
  36          void open_led(uint i)
  37          {
  38   1       switch(i)
  39   1       {
  40   2              case 0: led0 = 1;break;
  41   2              case 1: led1 = 1;break;
  42   2              case 2: led2 = 1;break;
  43   2              case 3: led3 = 1;break;
  44   2              case 4: led4 = 1;break;
  45   2              case 5: led5 = 1;break;
  46   2              case 6: led6 = 1;break;
  47   2              case 7: led7 = 1;break;
  48   2              case 8: led8 = 1;break;
  49   2              case 9: led9 = 1;break;
  50   2              case 10: led10 = 1;break;
  51   2              case 11: led11 = 1;break;
  52   2       }
  53   1      
  54   1      }

C51 COMPILER V9.01   LED                                                                   12/07/2015 19:03:24 PAGE 2   


MODULE INFORMATION:   STATIC OVERLAYABLE
   CODE SIZE        =    176    ----
   CONSTANT SIZE    =   ----    ----
   XDATA SIZE       =   ----    ----
   PDATA SIZE       =   ----    ----
   DATA SIZE        =   ----    ----
   IDATA SIZE       =   ----    ----
   BIT SIZE         =   ----    ----
END OF MODULE INFORMATION.


C51 COMPILATION COMPLETE.  0 WARNING(S),  0 ERROR(S)
