C51 COMPILER V9.01   MAIN                                                                  12/07/2015 19:04:35 PAGE 1   


C51 COMPILER V9.01, COMPILATION OF MODULE MAIN
OBJECT MODULE PLACED IN Main.OBJ
COMPILER INVOKED BY: C:\Keil\C51\BIN\C51.EXE Main.c BROWSE DEBUG OBJECTEXTEND

line level    source

   1          #include<reg51.h>
   2          #include"1602.h"
   3          #include"keyboard.h"
   4          #include"save.h"
   5          #include"take.h"
   6          #include"admin.h"
   7          #define uchar unsigned char 
   8          #define uint unsigned char
   9          uchar number[] ="0123456789";
  10          uint NO1,NO2;
  11          unsigned int boxes[12]={0,0};
  12          int lock;
  13          int main()
  14          {
  15   1              int num;
  16   1              int count = 0;
  17   1      
  18   1              TMOD=0x01;
  19   1              TH0=(65536-50000)/256;
  20   1              TL0=(65536-50000)%256;
  21   1              EA=1;
  22   1              ET0=1;    //开中断
  23   1              TR0=1;
  24   1                      
  25   1              init();
  26   1              P2=0xff;
  27   1      st:     lock=0;
  28   1              while(1)
  29   1              {       
  30   2                      write_com(0x01);
  31   2                      write_lcd(0x40,"save        take");
  32   2                      num = key();
  33   2                      if(num == 10)   //存放模式
  34   2                      {
  35   3                              NO1 = TH0;
  36   3                              NO2 = TL0;
  37   3                              save2();
  38   3                      }
  39   2                      if(num == 11) //取出模式
  40   2                      {
  41   3                              take2();
  42   3                      }
  43   2               if(lock>4)
  44   2               {       
  45   3               lk:    write_com(0x01);
  46   3                      write_lcd(0x00,"    lock on!    ");
  47   3                      while(1)
  48   3                      {
  49   4                              if(key() == 13)
  50   4                              {
  51   5                                      write_lcd(0x00,"admin:          ");
  52   5                                      if(admin_key() == 1)
  53   5                                      {
  54   6                                              lock = 0;
  55   6                                               goto st;
C51 COMPILER V9.01   MAIN                                                                  12/07/2015 19:04:35 PAGE 2   

  56   6                                      }
  57   5                                      goto lk;
  58   5                              }
  59   4                      }
  60   3               }
  61   2              }
  62   1              return 0;
  63   1      
  64   1      }
  65          void timer0() interrupt 1   //中断函数
  66          {
  67   1              TH0=(65536-50000)/256;
  68   1              TL0=(65536-50000)%256;
  69   1      }


MODULE INFORMATION:   STATIC OVERLAYABLE
   CODE SIZE        =    156    ----
   CONSTANT SIZE    =     51    ----
   XDATA SIZE       =   ----    ----
   PDATA SIZE       =   ----    ----
   DATA SIZE        =     39       4
   IDATA SIZE       =   ----    ----
   BIT SIZE         =   ----    ----
END OF MODULE INFORMATION.


C51 COMPILATION COMPLETE.  0 WARNING(S),  0 ERROR(S)
